nohup: ignoring input

===== Training qnn_pooled =====
Epoch 001 | train_loss=0.879042 | val_loss=0.754261 | val_rmse=1.315418 | lr=1.00e-03
Epoch 002 | train_loss=0.791209 | val_loss=0.723864 | val_rmse=1.288640 | lr=1.00e-03
Epoch 003 | train_loss=0.771895 | val_loss=0.699548 | val_rmse=1.266811 | lr=1.00e-03
Epoch 004 | train_loss=0.765286 | val_loss=0.698255 | val_rmse=1.265640 | lr=1.00e-03
Epoch 005 | train_loss=0.756936 | val_loss=0.694369 | val_rmse=1.262113 | lr=1.00e-03
Epoch 006 | train_loss=0.752448 | val_loss=0.698333 | val_rmse=1.265711 | lr=1.00e-03
Epoch 007 | train_loss=0.750942 | val_loss=0.700858 | val_rmse=1.267997 | lr=1.00e-03
Epoch 008 | train_loss=0.747880 | val_loss=0.685349 | val_rmse=1.253889 | lr=1.00e-03
Epoch 009 | train_loss=0.746336 | val_loss=0.683231 | val_rmse=1.251949 | lr=1.00e-03
Epoch 010 | train_loss=0.745049 | val_loss=0.683792 | val_rmse=1.252464 | lr=1.00e-03
Epoch 011 | train_loss=0.744045 | val_loss=0.680842 | val_rmse=1.249759 | lr=1.00e-03
Epoch 012 | train_loss=0.744583 | val_loss=0.682663 | val_rmse=1.251429 | lr=1.00e-03
Epoch 013 | train_loss=0.742968 | val_loss=0.688140 | val_rmse=1.256440 | lr=1.00e-03
Epoch 014 | train_loss=0.743326 | val_loss=0.682292 | val_rmse=1.251089 | lr=1.00e-03
Epoch 015 | train_loss=0.741584 | val_loss=0.676104 | val_rmse=1.245403 | lr=1.00e-03
Epoch 016 | train_loss=0.742269 | val_loss=0.675593 | val_rmse=1.244932 | lr=1.00e-03
Epoch 017 | train_loss=0.741672 | val_loss=0.677419 | val_rmse=1.246614 | lr=1.00e-03
Epoch 018 | train_loss=0.743124 | val_loss=0.677554 | val_rmse=1.246738 | lr=1.00e-03
Epoch 019 | train_loss=0.741637 | val_loss=0.683464 | val_rmse=1.252163 | lr=1.00e-03
Epoch 020 | train_loss=0.742028 | val_loss=0.678800 | val_rmse=1.247884 | lr=1.00e-03
Epoch 021 | train_loss=0.741255 | val_loss=0.681276 | val_rmse=1.250158 | lr=1.00e-03
Epoch 022 | train_loss=0.741533 | val_loss=0.674892 | val_rmse=1.244286 | lr=1.00e-03
Epoch 023 | train_loss=0.741374 | val_loss=0.675694 | val_rmse=1.245026 | lr=1.00e-03
Epoch 024 | train_loss=0.739888 | val_loss=0.681690 | val_rmse=1.250537 | lr=1.00e-03
Epoch 025 | train_loss=0.740686 | val_loss=0.676180 | val_rmse=1.245473 | lr=1.00e-03
Epoch 026 | train_loss=0.740616 | val_loss=0.679133 | val_rmse=1.248190 | lr=1.00e-03
Epoch 027 | train_loss=0.740172 | val_loss=0.680020 | val_rmse=1.249004 | lr=1.00e-03
Epoch 028 | train_loss=0.740462 | val_loss=0.678045 | val_rmse=1.247190 | lr=5.00e-04
Epoch 029 | train_loss=0.737020 | val_loss=0.683465 | val_rmse=1.252164 | lr=5.00e-04
Epoch 030 | train_loss=0.737644 | val_loss=0.675899 | val_rmse=1.245214 | lr=5.00e-04
Epoch 031 | train_loss=0.737730 | val_loss=0.673094 | val_rmse=1.242628 | lr=5.00e-04
Epoch 032 | train_loss=0.736960 | val_loss=0.678557 | val_rmse=1.247660 | lr=5.00e-04
Epoch 033 | train_loss=0.736229 | val_loss=0.673681 | val_rmse=1.243169 | lr=5.00e-04
Epoch 034 | train_loss=0.737306 | val_loss=0.674726 | val_rmse=1.244133 | lr=5.00e-04
Epoch 035 | train_loss=0.737936 | val_loss=0.674024 | val_rmse=1.243486 | lr=5.00e-04
Epoch 036 | train_loss=0.737507 | val_loss=0.676383 | val_rmse=1.245660 | lr=5.00e-04
Epoch 037 | train_loss=0.736527 | val_loss=0.675796 | val_rmse=1.245119 | lr=2.50e-04
Epoch 038 | train_loss=0.734821 | val_loss=0.677017 | val_rmse=1.246244 | lr=2.50e-04
Epoch 039 | train_loss=0.734491 | val_loss=0.677420 | val_rmse=1.246614 | lr=2.50e-04
Epoch 040 | train_loss=0.735075 | val_loss=0.674850 | val_rmse=1.244247 | lr=2.50e-04
Epoch 041 | train_loss=0.735450 | val_loss=0.673889 | val_rmse=1.243361 | lr=2.50e-04
Epoch 042 | train_loss=0.734688 | val_loss=0.674465 | val_rmse=1.243892 | lr=2.50e-04
Epoch 043 | train_loss=0.735715 | val_loss=0.673067 | val_rmse=1.242602 | lr=1.25e-04
Epoch 044 | train_loss=0.732624 | val_loss=0.674091 | val_rmse=1.243548 | lr=1.25e-04
Epoch 045 | train_loss=0.734045 | val_loss=0.674362 | val_rmse=1.243797 | lr=1.25e-04
Epoch 046 | train_loss=0.733917 | val_loss=0.675036 | val_rmse=1.244419 | lr=1.25e-04
Epoch 047 | train_loss=0.734600 | val_loss=0.673840 | val_rmse=1.243316 | lr=1.25e-04
Epoch 048 | train_loss=0.733014 | val_loss=0.675467 | val_rmse=1.244816 | lr=1.25e-04
Epoch 049 | train_loss=0.734097 | val_loss=0.673839 | val_rmse=1.243315 | lr=6.25e-05
Epoch 050 | train_loss=0.733391 | val_loss=0.674193 | val_rmse=1.243642 | lr=6.25e-05
Epoch 051 | train_loss=0.732409 | val_loss=0.674839 | val_rmse=1.244237 | lr=6.25e-05
Epoch 052 | train_loss=0.733160 | val_loss=0.673973 | val_rmse=1.243438 | lr=6.25e-05
Epoch 053 | train_loss=0.733455 | val_loss=0.674471 | val_rmse=1.243898 | lr=6.25e-05
Epoch 054 | train_loss=0.734238 | val_loss=0.674338 | val_rmse=1.243775 | lr=6.25e-05
Epoch 055 | train_loss=0.732921 | val_loss=0.674730 | val_rmse=1.244137 | lr=3.13e-05
Epoch 056 | train_loss=0.732373 | val_loss=0.674458 | val_rmse=1.243886 | lr=3.13e-05
Epoch 057 | train_loss=0.732373 | val_loss=0.674368 | val_rmse=1.243803 | lr=3.13e-05
Epoch 058 | train_loss=0.732772 | val_loss=0.674588 | val_rmse=1.244006 | lr=3.13e-05
Early stopping at epoch 58

===== Training qnn_graph =====
Epoch 001 | train_loss=0.965822 | val_loss=0.711459 | val_rmse=1.277550 | lr=1.00e-03
Epoch 002 | train_loss=0.704192 | val_loss=0.614051 | val_rmse=1.186876 | lr=1.00e-03
Epoch 003 | train_loss=0.642725 | val_loss=0.549589 | val_rmse=1.122851 | lr=1.00e-03
Epoch 004 | train_loss=0.612014 | val_loss=0.536043 | val_rmse=1.108927 | lr=1.00e-03
Epoch 005 | train_loss=0.598926 | val_loss=0.527187 | val_rmse=1.099729 | lr=1.00e-03
Epoch 006 | train_loss=0.586407 | val_loss=0.508516 | val_rmse=1.080079 | lr=1.00e-03
Epoch 007 | train_loss=0.572381 | val_loss=0.494558 | val_rmse=1.065152 | lr=1.00e-03
Epoch 008 | train_loss=0.562170 | val_loss=0.487675 | val_rmse=1.057714 | lr=1.00e-03
Epoch 009 | train_loss=0.559631 | val_loss=0.478457 | val_rmse=1.047670 | lr=1.00e-03
Epoch 010 | train_loss=0.548208 | val_loss=0.459742 | val_rmse=1.026975 | lr=1.00e-03
Epoch 011 | train_loss=0.542830 | val_loss=0.459444 | val_rmse=1.026643 | lr=1.00e-03
Epoch 012 | train_loss=0.534082 | val_loss=0.453342 | val_rmse=1.019803 | lr=1.00e-03
Epoch 013 | train_loss=0.531530 | val_loss=0.450488 | val_rmse=1.016587 | lr=1.00e-03
Epoch 014 | train_loss=0.525897 | val_loss=0.442509 | val_rmse=1.007545 | lr=1.00e-03
Epoch 015 | train_loss=0.516035 | val_loss=0.443427 | val_rmse=1.008589 | lr=1.00e-03
Epoch 016 | train_loss=0.514949 | val_loss=0.445936 | val_rmse=1.011438 | lr=1.00e-03
Epoch 017 | train_loss=0.509481 | val_loss=0.436185 | val_rmse=1.000318 | lr=1.00e-03
Epoch 018 | train_loss=0.504780 | val_loss=0.435974 | val_rmse=1.000077 | lr=1.00e-03
Epoch 019 | train_loss=0.499481 | val_loss=0.431148 | val_rmse=0.994526 | lr=1.00e-03
Epoch 020 | train_loss=0.496438 | val_loss=0.450402 | val_rmse=1.016490 | lr=1.00e-03
Epoch 021 | train_loss=0.499806 | val_loss=0.442015 | val_rmse=1.006982 | lr=1.00e-03
Epoch 022 | train_loss=0.492829 | val_loss=0.437532 | val_rmse=1.001863 | lr=1.00e-03
Epoch 023 | train_loss=0.489754 | val_loss=0.422138 | val_rmse=0.984080 | lr=1.00e-03
Epoch 024 | train_loss=0.488038 | val_loss=0.419514 | val_rmse=0.981017 | lr=1.00e-03
Epoch 025 | train_loss=0.493176 | val_loss=0.426245 | val_rmse=0.988855 | lr=1.00e-03
Epoch 026 | train_loss=0.483177 | val_loss=0.459593 | val_rmse=1.026810 | lr=1.00e-03
Epoch 027 | train_loss=0.504514 | val_loss=0.423092 | val_rmse=0.985192 | lr=1.00e-03
Epoch 028 | train_loss=0.485934 | val_loss=0.418975 | val_rmse=0.980387 | lr=1.00e-03
Epoch 029 | train_loss=0.474408 | val_loss=0.410856 | val_rmse=0.970840 | lr=1.00e-03
Epoch 030 | train_loss=0.474185 | val_loss=0.429305 | val_rmse=0.992399 | lr=1.00e-03
Epoch 031 | train_loss=0.468385 | val_loss=0.434480 | val_rmse=0.998362 | lr=1.00e-03
Epoch 032 | train_loss=0.475786 | val_loss=0.414711 | val_rmse=0.975385 | lr=1.00e-03
Epoch 033 | train_loss=0.465336 | val_loss=0.421623 | val_rmse=0.983479 | lr=1.00e-03
Epoch 034 | train_loss=0.464418 | val_loss=0.423710 | val_rmse=0.985911 | lr=1.00e-03
Epoch 035 | train_loss=0.463162 | val_loss=0.413978 | val_rmse=0.974523 | lr=5.00e-04
Epoch 036 | train_loss=0.450923 | val_loss=0.410842 | val_rmse=0.970824 | lr=5.00e-04
Epoch 037 | train_loss=0.448886 | val_loss=0.416637 | val_rmse=0.977647 | lr=5.00e-04
Epoch 038 | train_loss=0.443937 | val_loss=0.414649 | val_rmse=0.975312 | lr=5.00e-04
Epoch 039 | train_loss=0.444269 | val_loss=0.402107 | val_rmse=0.960448 | lr=5.00e-04
Epoch 040 | train_loss=0.442239 | val_loss=0.402487 | val_rmse=0.960902 | lr=5.00e-04
Epoch 041 | train_loss=0.437421 | val_loss=0.409730 | val_rmse=0.969510 | lr=5.00e-04
Epoch 042 | train_loss=0.439950 | val_loss=0.406352 | val_rmse=0.965504 | lr=5.00e-04
Epoch 043 | train_loss=0.439125 | val_loss=0.411262 | val_rmse=0.971320 | lr=5.00e-04
Epoch 044 | train_loss=0.439182 | val_loss=0.410166 | val_rmse=0.970025 | lr=5.00e-04
Epoch 045 | train_loss=0.434973 | val_loss=0.403585 | val_rmse=0.962212 | lr=2.50e-04
Epoch 046 | train_loss=0.430763 | val_loss=0.401471 | val_rmse=0.959689 | lr=2.50e-04
Epoch 047 | train_loss=0.425129 | val_loss=0.398258 | val_rmse=0.955841 | lr=2.50e-04
Epoch 048 | train_loss=0.421567 | val_loss=0.398115 | val_rmse=0.955669 | lr=2.50e-04
Epoch 049 | train_loss=0.424194 | val_loss=0.397740 | val_rmse=0.955219 | lr=2.50e-04
Epoch 050 | train_loss=0.421025 | val_loss=0.402252 | val_rmse=0.960622 | lr=2.50e-04
Epoch 051 | train_loss=0.423128 | val_loss=0.408341 | val_rmse=0.967865 | lr=2.50e-04
Epoch 052 | train_loss=0.417975 | val_loss=0.399641 | val_rmse=0.957499 | lr=2.50e-04
Epoch 053 | train_loss=0.421320 | val_loss=0.399720 | val_rmse=0.957593 | lr=2.50e-04
Epoch 054 | train_loss=0.419818 | val_loss=0.402070 | val_rmse=0.960404 | lr=2.50e-04
Epoch 055 | train_loss=0.418960 | val_loss=0.395024 | val_rmse=0.951952 | lr=2.50e-04
Epoch 056 | train_loss=0.418794 | val_loss=0.400955 | val_rmse=0.959071 | lr=2.50e-04
Epoch 057 | train_loss=0.415795 | val_loss=0.394661 | val_rmse=0.951515 | lr=2.50e-04
Epoch 058 | train_loss=0.415716 | val_loss=0.395796 | val_rmse=0.952881 | lr=2.50e-04
Epoch 059 | train_loss=0.415895 | val_loss=0.399213 | val_rmse=0.956986 | lr=2.50e-04
Epoch 060 | train_loss=0.413484 | val_loss=0.398126 | val_rmse=0.955682 | lr=2.50e-04
Epoch 061 | train_loss=0.410454 | val_loss=0.394551 | val_rmse=0.951382 | lr=2.50e-04
Epoch 062 | train_loss=0.413091 | val_loss=0.399279 | val_rmse=0.957065 | lr=2.50e-04
Epoch 063 | train_loss=0.415548 | val_loss=0.391824 | val_rmse=0.948088 | lr=2.50e-04
Epoch 064 | train_loss=0.410692 | val_loss=0.399238 | val_rmse=0.957016 | lr=2.50e-04
Epoch 065 | train_loss=0.413428 | val_loss=0.398246 | val_rmse=0.955826 | lr=2.50e-04
Epoch 066 | train_loss=0.409660 | val_loss=0.394595 | val_rmse=0.951434 | lr=2.50e-04
Epoch 067 | train_loss=0.409836 | val_loss=0.395985 | val_rmse=0.953109 | lr=2.50e-04
Epoch 068 | train_loss=0.409997 | val_loss=0.395885 | val_rmse=0.952989 | lr=2.50e-04
Epoch 069 | train_loss=0.407463 | val_loss=0.390678 | val_rmse=0.946700 | lr=2.50e-04
Epoch 070 | train_loss=0.405562 | val_loss=0.392305 | val_rmse=0.948670 | lr=2.50e-04
Epoch 071 | train_loss=0.405914 | val_loss=0.395736 | val_rmse=0.952809 | lr=2.50e-04
Epoch 072 | train_loss=0.401504 | val_loss=0.391010 | val_rmse=0.947102 | lr=2.50e-04
Epoch 073 | train_loss=0.406073 | val_loss=0.395555 | val_rmse=0.952591 | lr=2.50e-04
Epoch 074 | train_loss=0.406892 | val_loss=0.390904 | val_rmse=0.946975 | lr=2.50e-04
Epoch 075 | train_loss=0.403309 | val_loss=0.393571 | val_rmse=0.950199 | lr=1.25e-04
Epoch 076 | train_loss=0.400065 | val_loss=0.389584 | val_rmse=0.945374 | lr=1.25e-04
Epoch 077 | train_loss=0.397042 | val_loss=0.389555 | val_rmse=0.945339 | lr=1.25e-04
Epoch 078 | train_loss=0.395838 | val_loss=0.391612 | val_rmse=0.947831 | lr=1.25e-04
Epoch 079 | train_loss=0.397868 | val_loss=0.388466 | val_rmse=0.944016 | lr=1.25e-04
Epoch 080 | train_loss=0.398205 | val_loss=0.388715 | val_rmse=0.944319 | lr=1.25e-04
Epoch 081 | train_loss=0.397203 | val_loss=0.388248 | val_rmse=0.943751 | lr=1.25e-04
Epoch 082 | train_loss=0.395567 | val_loss=0.390836 | val_rmse=0.946892 | lr=1.25e-04
Epoch 083 | train_loss=0.401490 | val_loss=0.389486 | val_rmse=0.945255 | lr=1.25e-04
Epoch 084 | train_loss=0.393867 | val_loss=0.392353 | val_rmse=0.948728 | lr=1.25e-04
Epoch 085 | train_loss=0.395633 | val_loss=0.387638 | val_rmse=0.943010 | lr=1.25e-04
Epoch 086 | train_loss=0.395938 | val_loss=0.389692 | val_rmse=0.945505 | lr=1.25e-04
Epoch 087 | train_loss=0.396897 | val_loss=0.387694 | val_rmse=0.943079 | lr=1.25e-04
Epoch 088 | train_loss=0.394590 | val_loss=0.391902 | val_rmse=0.948183 | lr=1.25e-04
Epoch 089 | train_loss=0.396200 | val_loss=0.391525 | val_rmse=0.947727 | lr=1.25e-04
Epoch 090 | train_loss=0.392892 | val_loss=0.387973 | val_rmse=0.943418 | lr=1.25e-04
Epoch 091 | train_loss=0.396451 | val_loss=0.387919 | val_rmse=0.943352 | lr=6.25e-05
Epoch 092 | train_loss=0.390505 | val_loss=0.387519 | val_rmse=0.942866 | lr=6.25e-05
Epoch 093 | train_loss=0.391484 | val_loss=0.387168 | val_rmse=0.942438 | lr=6.25e-05
Epoch 094 | train_loss=0.389628 | val_loss=0.388505 | val_rmse=0.944064 | lr=6.25e-05
Epoch 095 | train_loss=0.391329 | val_loss=0.385826 | val_rmse=0.940803 | lr=6.25e-05
Epoch 096 | train_loss=0.391077 | val_loss=0.386284 | val_rmse=0.941361 | lr=6.25e-05
Epoch 097 | train_loss=0.392181 | val_loss=0.389289 | val_rmse=0.945017 | lr=6.25e-05
Epoch 098 | train_loss=0.390420 | val_loss=0.387568 | val_rmse=0.942925 | lr=6.25e-05
Epoch 099 | train_loss=0.390061 | val_loss=0.385959 | val_rmse=0.940965 | lr=6.25e-05
Epoch 100 | train_loss=0.390768 | val_loss=0.387316 | val_rmse=0.942618 | lr=6.25e-05
Saved results to ./outputs/representation/representation_results.csv
