nohup: ignoring input

===== Training mlp_pooled =====
Epoch 001 | train_loss=0.769134 | val_loss=0.687634 | val_rmse=1.255978 | lr=1.00e-03
Epoch 002 | train_loss=0.753182 | val_loss=0.682578 | val_rmse=1.251351 | lr=1.00e-03
Epoch 003 | train_loss=0.750745 | val_loss=0.694710 | val_rmse=1.262423 | lr=1.00e-03
Epoch 004 | train_loss=0.747007 | val_loss=0.682248 | val_rmse=1.251049 | lr=1.00e-03
Epoch 005 | train_loss=0.745427 | val_loss=0.679982 | val_rmse=1.248969 | lr=1.00e-03
Epoch 006 | train_loss=0.745811 | val_loss=0.684325 | val_rmse=1.252952 | lr=1.00e-03
Epoch 007 | train_loss=0.743647 | val_loss=0.677924 | val_rmse=1.247078 | lr=1.00e-03
Epoch 008 | train_loss=0.743200 | val_loss=0.684215 | val_rmse=1.252851 | lr=1.00e-03
Epoch 009 | train_loss=0.743514 | val_loss=0.684335 | val_rmse=1.252961 | lr=1.00e-03
Epoch 010 | train_loss=0.742902 | val_loss=0.689782 | val_rmse=1.257938 | lr=1.00e-03
Epoch 011 | train_loss=0.742743 | val_loss=0.682892 | val_rmse=1.251639 | lr=1.00e-03
Epoch 012 | train_loss=0.740460 | val_loss=0.679612 | val_rmse=1.248630 | lr=1.00e-03
Epoch 013 | train_loss=0.740722 | val_loss=0.679433 | val_rmse=1.248465 | lr=5.00e-04
Epoch 014 | train_loss=0.738158 | val_loss=0.681659 | val_rmse=1.250508 | lr=5.00e-04
Epoch 015 | train_loss=0.738127 | val_loss=0.674157 | val_rmse=1.243608 | lr=5.00e-04
Epoch 016 | train_loss=0.738639 | val_loss=0.676655 | val_rmse=1.245910 | lr=5.00e-04
Epoch 017 | train_loss=0.738765 | val_loss=0.676797 | val_rmse=1.246041 | lr=5.00e-04
Epoch 018 | train_loss=0.738906 | val_loss=0.676480 | val_rmse=1.245749 | lr=5.00e-04
Epoch 019 | train_loss=0.738265 | val_loss=0.674032 | val_rmse=1.243493 | lr=5.00e-04
Epoch 020 | train_loss=0.737169 | val_loss=0.675953 | val_rmse=1.245264 | lr=5.00e-04
Epoch 021 | train_loss=0.737507 | val_loss=0.676390 | val_rmse=1.245667 | lr=5.00e-04
Epoch 022 | train_loss=0.735632 | val_loss=0.675475 | val_rmse=1.244823 | lr=5.00e-04
Epoch 023 | train_loss=0.735884 | val_loss=0.677305 | val_rmse=1.246508 | lr=5.00e-04
Epoch 024 | train_loss=0.736515 | val_loss=0.675565 | val_rmse=1.244906 | lr=5.00e-04
Epoch 025 | train_loss=0.736939 | val_loss=0.677973 | val_rmse=1.247123 | lr=2.50e-04
Epoch 026 | train_loss=0.734342 | val_loss=0.673855 | val_rmse=1.243330 | lr=2.50e-04
Epoch 027 | train_loss=0.735886 | val_loss=0.678097 | val_rmse=1.247237 | lr=2.50e-04
Epoch 028 | train_loss=0.734025 | val_loss=0.672567 | val_rmse=1.242141 | lr=2.50e-04
Epoch 029 | train_loss=0.734360 | val_loss=0.671879 | val_rmse=1.241505 | lr=2.50e-04
Epoch 030 | train_loss=0.734806 | val_loss=0.671721 | val_rmse=1.241360 | lr=2.50e-04
Epoch 031 | train_loss=0.735923 | val_loss=0.672758 | val_rmse=1.242318 | lr=2.50e-04
Epoch 032 | train_loss=0.733300 | val_loss=0.672693 | val_rmse=1.242257 | lr=2.50e-04
Epoch 033 | train_loss=0.735324 | val_loss=0.673454 | val_rmse=1.242960 | lr=2.50e-04
Epoch 034 | train_loss=0.733895 | val_loss=0.675344 | val_rmse=1.244702 | lr=2.50e-04
Epoch 035 | train_loss=0.735373 | val_loss=0.672582 | val_rmse=1.242155 | lr=2.50e-04
Epoch 036 | train_loss=0.733335 | val_loss=0.675204 | val_rmse=1.244573 | lr=1.25e-04
Epoch 037 | train_loss=0.734329 | val_loss=0.673613 | val_rmse=1.243106 | lr=1.25e-04
Epoch 038 | train_loss=0.733184 | val_loss=0.673206 | val_rmse=1.242731 | lr=1.25e-04
Epoch 039 | train_loss=0.733801 | val_loss=0.673367 | val_rmse=1.242880 | lr=1.25e-04
Epoch 040 | train_loss=0.733773 | val_loss=0.673925 | val_rmse=1.243394 | lr=1.25e-04
Epoch 041 | train_loss=0.734236 | val_loss=0.673861 | val_rmse=1.243336 | lr=1.25e-04
Epoch 042 | train_loss=0.732600 | val_loss=0.673224 | val_rmse=1.242747 | lr=6.25e-05
Epoch 043 | train_loss=0.732628 | val_loss=0.673371 | val_rmse=1.242883 | lr=6.25e-05
Epoch 044 | train_loss=0.732947 | val_loss=0.673394 | val_rmse=1.242905 | lr=6.25e-05
Epoch 045 | train_loss=0.733327 | val_loss=0.672619 | val_rmse=1.242189 | lr=6.25e-05
Early stopping at epoch 45

===== Training qnn_pooled =====
Epoch 001 | train_loss=1.433437 | val_loss=1.046749 | val_rmse=1.549617 | lr=1.00e-03
Epoch 002 | train_loss=0.977786 | val_loss=0.818374 | val_rmse=1.370184 | lr=1.00e-03
Epoch 003 | train_loss=0.836423 | val_loss=0.753007 | val_rmse=1.314325 | lr=1.00e-03
Epoch 004 | train_loss=0.789183 | val_loss=0.722557 | val_rmse=1.287476 | lr=1.00e-03
Epoch 005 | train_loss=0.768294 | val_loss=0.709749 | val_rmse=1.276014 | lr=1.00e-03
Epoch 006 | train_loss=0.758430 | val_loss=0.697335 | val_rmse=1.264806 | lr=1.00e-03
Epoch 007 | train_loss=0.754040 | val_loss=0.695342 | val_rmse=1.262998 | lr=1.00e-03
Epoch 008 | train_loss=0.750470 | val_loss=0.689049 | val_rmse=1.257269 | lr=1.00e-03
Epoch 009 | train_loss=0.747582 | val_loss=0.684164 | val_rmse=1.252805 | lr=1.00e-03
Epoch 010 | train_loss=0.745519 | val_loss=0.689855 | val_rmse=1.258004 | lr=1.00e-03
Epoch 011 | train_loss=0.744479 | val_loss=0.686896 | val_rmse=1.255303 | lr=1.00e-03
Epoch 012 | train_loss=0.742850 | val_loss=0.685507 | val_rmse=1.254034 | lr=1.00e-03
Epoch 013 | train_loss=0.743502 | val_loss=0.687268 | val_rmse=1.255643 | lr=1.00e-03
Epoch 014 | train_loss=0.743185 | val_loss=0.679692 | val_rmse=1.248703 | lr=1.00e-03
Epoch 015 | train_loss=0.741211 | val_loss=0.681719 | val_rmse=1.250563 | lr=1.00e-03
Epoch 016 | train_loss=0.741951 | val_loss=0.684903 | val_rmse=1.253481 | lr=1.00e-03
Epoch 017 | train_loss=0.740604 | val_loss=0.688566 | val_rmse=1.256829 | lr=1.00e-03
Epoch 018 | train_loss=0.739543 | val_loss=0.680113 | val_rmse=1.249090 | lr=1.00e-03
Epoch 019 | train_loss=0.740930 | val_loss=0.683982 | val_rmse=1.252638 | lr=1.00e-03
Epoch 020 | train_loss=0.739747 | val_loss=0.689714 | val_rmse=1.257876 | lr=5.00e-04
Epoch 021 | train_loss=0.737780 | val_loss=0.677159 | val_rmse=1.246374 | lr=5.00e-04
Epoch 022 | train_loss=0.737291 | val_loss=0.677517 | val_rmse=1.246704 | lr=5.00e-04
Epoch 023 | train_loss=0.737455 | val_loss=0.676803 | val_rmse=1.246046 | lr=5.00e-04
Epoch 024 | train_loss=0.736231 | val_loss=0.676799 | val_rmse=1.246043 | lr=5.00e-04
Epoch 025 | train_loss=0.736523 | val_loss=0.676389 | val_rmse=1.245665 | lr=5.00e-04
Epoch 026 | train_loss=0.735504 | val_loss=0.675291 | val_rmse=1.244654 | lr=5.00e-04
Epoch 027 | train_loss=0.735591 | val_loss=0.679519 | val_rmse=1.248544 | lr=5.00e-04
Epoch 028 | train_loss=0.736512 | val_loss=0.681372 | val_rmse=1.250246 | lr=5.00e-04
Epoch 029 | train_loss=0.736664 | val_loss=0.681635 | val_rmse=1.250487 | lr=5.00e-04
Epoch 030 | train_loss=0.735960 | val_loss=0.680690 | val_rmse=1.249620 | lr=5.00e-04
Epoch 031 | train_loss=0.736271 | val_loss=0.675743 | val_rmse=1.245070 | lr=5.00e-04
Epoch 032 | train_loss=0.737056 | val_loss=0.673954 | val_rmse=1.243421 | lr=5.00e-04
Epoch 033 | train_loss=0.735293 | val_loss=0.675788 | val_rmse=1.245111 | lr=5.00e-04
Epoch 034 | train_loss=0.736780 | val_loss=0.677822 | val_rmse=1.246985 | lr=5.00e-04
Epoch 035 | train_loss=0.736277 | val_loss=0.679249 | val_rmse=1.248296 | lr=5.00e-04
Epoch 036 | train_loss=0.735031 | val_loss=0.678008 | val_rmse=1.247155 | lr=5.00e-04
Epoch 037 | train_loss=0.735374 | val_loss=0.677652 | val_rmse=1.246827 | lr=5.00e-04
Epoch 038 | train_loss=0.734577 | val_loss=0.678526 | val_rmse=1.247631 | lr=2.50e-04
Epoch 039 | train_loss=0.733270 | val_loss=0.675575 | val_rmse=1.244915 | lr=2.50e-04
Epoch 040 | train_loss=0.734645 | val_loss=0.675247 | val_rmse=1.244614 | lr=2.50e-04
Epoch 041 | train_loss=0.734633 | val_loss=0.675661 | val_rmse=1.244995 | lr=2.50e-04
Epoch 042 | train_loss=0.734381 | val_loss=0.677966 | val_rmse=1.247117 | lr=2.50e-04
Epoch 043 | train_loss=0.733995 | val_loss=0.676658 | val_rmse=1.245913 | lr=2.50e-04
Epoch 044 | train_loss=0.733559 | val_loss=0.674940 | val_rmse=1.244331 | lr=1.25e-04
Epoch 045 | train_loss=0.733210 | val_loss=0.674926 | val_rmse=1.244317 | lr=1.25e-04
Epoch 046 | train_loss=0.733612 | val_loss=0.676722 | val_rmse=1.245972 | lr=1.25e-04
Epoch 047 | train_loss=0.732325 | val_loss=0.676183 | val_rmse=1.245475 | lr=1.25e-04
Early stopping at epoch 47
Saved results to ./outputs/representation/classical_vs_qnn_results.csv
